Determining if the pthread_create exist failed with the following output:
Change Dir: /home/braba006/Documents/5721/lab1(openGL)/OpenGL_Lab1/build/CMakeFiles/CMakeTmp

Run Build Command:"/usr/bin/make" "cmTryCompileExec2638662496/fast"
/usr/bin/make -f CMakeFiles/cmTryCompileExec2638662496.dir/build.make CMakeFiles/cmTryCompileExec2638662496.dir/build
make[1]: Entering directory '/home/braba006/Documents/5721/lab1(openGL)/OpenGL_Lab1/build/CMakeFiles/CMakeTmp'
/usr/bin/cmake -E cmake_progress_report "/home/braba006/Documents/5721/lab1(openGL)/OpenGL_Lab1/build/CMakeFiles/CMakeTmp/CMakeFiles" 1
Building C object CMakeFiles/cmTryCompileExec2638662496.dir/CheckSymbolExists.c.o
/usr/bin/cc    -o CMakeFiles/cmTryCompileExec2638662496.dir/CheckSymbolExists.c.o   -c "/home/braba006/Documents/5721/lab1(openGL)/OpenGL_Lab1/build/CMakeFiles/CMakeTmp/CheckSymbolExists.c"
Linking C executable cmTryCompileExec2638662496
/usr/bin/cmake -E cmake_link_script CMakeFiles/cmTryCompileExec2638662496.dir/link.txt --verbose=1
/usr/bin/cc       CMakeFiles/cmTryCompileExec2638662496.dir/CheckSymbolExists.c.o  -o cmTryCompileExec2638662496 -rdynamic 
CMakeFiles/cmTryCompileExec2638662496.dir/CheckSymbolExists.c.o: In function `main':
CheckSymbolExists.c:(.text+0x16): undefined reference to `pthread_create'
collect2: error: ld returned 1 exit status
CMakeFiles/cmTryCompileExec2638662496.dir/build.make:88: recipe for target 'cmTryCompileExec2638662496' failed
make[1]: Leaving directory '/home/braba006/Documents/5721/lab1(openGL)/OpenGL_Lab1/build/CMakeFiles/CMakeTmp'
make[1]: *** [cmTryCompileExec2638662496] Error 1
Makefile:117: recipe for target 'cmTryCompileExec2638662496/fast' failed
make: *** [cmTryCompileExec2638662496/fast] Error 2

File /home/braba006/Documents/5721/lab1(openGL)/OpenGL_Lab1/build/CMakeFiles/CMakeTmp/CheckSymbolExists.c:
/* */
#include <pthread.h>

int main(int argc, char** argv)
{
  (void)argv;
#ifndef pthread_create
  return ((int*)(&pthread_create))[argc];
#else
  (void)argc;
  return 0;
#endif
}

Determining if the function pthread_create exists in the pthreads failed with the following output:
Change Dir: /home/braba006/Documents/5721/lab1(openGL)/OpenGL_Lab1/build/CMakeFiles/CMakeTmp

Run Build Command:"/usr/bin/make" "cmTryCompileExec1222064630/fast"
/usr/bin/make -f CMakeFiles/cmTryCompileExec1222064630.dir/build.make CMakeFiles/cmTryCompileExec1222064630.dir/build
make[1]: Entering directory '/home/braba006/Documents/5721/lab1(openGL)/OpenGL_Lab1/build/CMakeFiles/CMakeTmp'
/usr/bin/cmake -E cmake_progress_report "/home/braba006/Documents/5721/lab1(openGL)/OpenGL_Lab1/build/CMakeFiles/CMakeTmp/CMakeFiles" 1
Building C object CMakeFiles/cmTryCompileExec1222064630.dir/CheckFunctionExists.c.o
/usr/bin/cc   -DCHECK_FUNCTION_EXISTS=pthread_create   -o CMakeFiles/cmTryCompileExec1222064630.dir/CheckFunctionExists.c.o   -c /usr/share/cmake-3.2/Modules/CheckFunctionExists.c
Linking C executable cmTryCompileExec1222064630
/usr/bin/cmake -E cmake_link_script CMakeFiles/cmTryCompileExec1222064630.dir/link.txt --verbose=1
/usr/bin/cc   -DCHECK_FUNCTION_EXISTS=pthread_create    CMakeFiles/cmTryCompileExec1222064630.dir/CheckFunctionExists.c.o  -o cmTryCompileExec1222064630 -rdynamic -lpthreads 
/usr/bin/ld: cannot find -lpthreads
collect2: error: ld returned 1 exit status
CMakeFiles/cmTryCompileExec1222064630.dir/build.make:88: recipe for target 'cmTryCompileExec1222064630' failed
make[1]: Leaving directory '/home/braba006/Documents/5721/lab1(openGL)/OpenGL_Lab1/build/CMakeFiles/CMakeTmp'
make[1]: *** [cmTryCompileExec1222064630] Error 1
Makefile:117: recipe for target 'cmTryCompileExec1222064630/fast' failed
make: *** [cmTryCompileExec1222064630/fast] Error 2


Determining if the function glXGetProcAddressEXT exists failed with the following output:
Change Dir: /home/braba006/Documents/5721/lab1(openGL)/OpenGL_Lab1/build/CMakeFiles/CMakeTmp

Run Build Command:"/usr/bin/make" "cmTryCompileExec2818174768/fast"
/usr/bin/make -f CMakeFiles/cmTryCompileExec2818174768.dir/build.make CMakeFiles/cmTryCompileExec2818174768.dir/build
make[1]: Entering directory '/home/braba006/Documents/5721/lab1(openGL)/OpenGL_Lab1/build/CMakeFiles/CMakeTmp'
/usr/bin/cmake -E cmake_progress_report "/home/braba006/Documents/5721/lab1(openGL)/OpenGL_Lab1/build/CMakeFiles/CMakeTmp/CMakeFiles" 1
Building C object CMakeFiles/cmTryCompileExec2818174768.dir/CheckFunctionExists.c.o
/usr/bin/cc   -DCHECK_FUNCTION_EXISTS=glXGetProcAddressEXT   -o CMakeFiles/cmTryCompileExec2818174768.dir/CheckFunctionExists.c.o   -c /usr/share/cmake-3.2/Modules/CheckFunctionExists.c
Linking C executable cmTryCompileExec2818174768
/usr/bin/cmake -E cmake_link_script CMakeFiles/cmTryCompileExec2818174768.dir/link.txt --verbose=1
/usr/bin/cc   -DCHECK_FUNCTION_EXISTS=glXGetProcAddressEXT    CMakeFiles/cmTryCompileExec2818174768.dir/CheckFunctionExists.c.o  -o cmTryCompileExec2818174768 -rdynamic -lGL 
CMakeFiles/cmTryCompileExec2818174768.dir/CheckFunctionExists.c.o: In function `main':
CheckFunctionExists.c:(.text+0x15): undefined reference to `glXGetProcAddressEXT'
collect2: error: ld returned 1 exit status
CMakeFiles/cmTryCompileExec2818174768.dir/build.make:89: recipe for target 'cmTryCompileExec2818174768' failed
make[1]: Leaving directory '/home/braba006/Documents/5721/lab1(openGL)/OpenGL_Lab1/build/CMakeFiles/CMakeTmp'
make[1]: *** [cmTryCompileExec2818174768] Error 1
Makefile:117: recipe for target 'cmTryCompileExec2818174768/fast' failed
make: *** [cmTryCompileExec2818174768/fast] Error 2


